## Summary

✅ **Task #5: Single-page layout structure - COMPLETE**

### What I Implemented:

1. **Created MissionControl.tsx** - New single-page layout component with:
   - Header containing "MOJOVOICE" branding and settings gear icon
   - Max-width 800px container, centered with proper padding (48px vertical, 24px horizontal)
   - Deep navy background (#0A0E1A) using design tokens
   - Placeholder content for future iterations
   - Footer with hint text

2. **Updated App.tsx** - Removed old tab-based navigation:
   - Commented out old component imports (Navigation, Dashboard, DevTools, Settings, ModelManagement, TranscriptionHistory)
   - Removed Navigation component and view routing logic
   - Simplified to just render MissionControl component

### Verification:
- ✅ Build succeeds (1.52s)
- ✅ TypeScript compiles with no errors
- ✅ Dev server starts successfully
- ✅ All 10 acceptance criteria met
- ✅ Code committed (1d9b419)
- ✅ Progress logged

**Next Task:** #6 - Giant test recording button (centerpiece of main screen)
