Perfect! **Iteration 1 is complete.** 

## Summary

✅ **Task #1: Design token system - COMPLETE**

**What I implemented:**

1. **Color System:** Replaced old emerald/teal (#14b8a6) with Electric Night palette:
   - Background layers: --bg-void, --bg-surface, --bg-elevated (deep navy gradient)
   - Interactive: --accent-primary (#3B82F6 electric blue), --accent-glow, --accent-active
   - Status: --success (acid green), --warning, --error, --info
   - Text: --text-primary, --text-secondary, --text-tertiary, --text-disabled
   - Borders: --border-default, --border-focus, --border-brutal

2. **Typography System:**
   - Font families: --font-mono (JetBrains Mono), --font-ui (Inter)
   - Type scale: --text-xs (12px) through --text-3xl (30px)
   - Loaded fonts from Google Fonts

3. **Spacing System:**
   - 4px base unit: --space-1 (4px) through --space-16 (64px)

4. **Animation System:**
   - Durations: --duration-instant (100ms) through --duration-slow (400ms)
   - Easing curves: --ease-out, --ease-elastic, --ease-smooth

5. **Shadow & Effects:**
   - Neubrutalist shadows: --shadow-brutal, --shadow-brutal-hover, --shadow-brutal-active
   - Glow effects: --glow-primary, --glow-success

6. **Verification:** Build successful, no CSS errors, all acceptance criteria met

**Commits:**
- `0c2647e` - Design token system implementation
- `bfa03fa` - Progress log update

The foundation is now in place for building the neubrutalist components. The next task (#2) will be creating the neubrutalist button component.
