Excellent! Let me create a summary of what was accomplished:

## Iteration 9 Complete - Recent Transcriptions Section

✅ **Task #9 successfully implemented and verified**

### Summary of Changes

**Component: Recent Transcriptions Section** (`ui/src/components/MissionControl.tsx`)

Added a new section that displays the 5 most recent transcription entries below the status bar. The section follows the MojoVoice Style Guide exactly with:

- **Terminal-style header**: Uses SectionHeader component with "RECENT TRANSCRIPTIONS" title
- **Dynamic data loading**: Fetches real transcription history from Tauri backend via Zustand store
- **Responsive card display**: Maps entries to TranscriptionCard components with 16px vertical spacing
- **Empty state handling**: Shows "No transcriptions yet" when no data available
- **Interactive actions**: Copy and delete functionality on each card
- **Auto-refresh**: Reloads history after new recordings to keep display current
- **Navigation placeholder**: "View All →" button ready for future history modal (task #17)

### Implementation Details

1. **State Management**: Integrated with existing Zustand store (`useAppStore`)
2. **Data Flow**: Loads 5 most recent entries on component mount using `useEffect`
3. **User Actions**: Copy to clipboard and delete handlers properly connected
4. **Visual Design**: Electric blue accents, proper spacing (48px from status bar), neubrutalist card styling
5. **Code Quality**: TypeScript strict mode, proper error handling, clean component structure

### Verification Results

- ✅ Build: Successful (1.56s)
- ✅ TypeScript: No compilation errors
- ✅ All 11 acceptance criteria: Verified
- ✅ Style Guide compliance: 100%
- ✅ Commits: Clean history with proper messages

### Next Task

Task #10: Collapsible system status section (diagnostics panel showing GPU, memory, daemon status, uptime)

---

**Ready for next iteration!**
