Perfect! Task #13 is now complete. Let me create a summary:

---

## ✅ Task #13 Complete - Recording Settings Section

I've successfully implemented the **Recording section** in the settings drawer with the following features:

### What Was Implemented

**1. Max Duration Slider (Dual Input Pattern)**
- Visual slider: 10-300 seconds range with electric blue gradient fill
- Custom 24px thumb with electric blue glow effect
- Hover state: lighter blue + increased glow + scale animation
- Number input alongside for precision control
- Preview text: "⏱️ Approximately X minutes Y seconds"

**2. Audio Device Dropdown**
- Lists all available audio input devices from backend
- Shows "System Default" option when no device is selected
- Displays "(Default)" next to the system's default device
- JetBrains Mono font for device names

**3. Neubrutalist Styling**
- Electric blue (#3B82F6) focus glows on all inputs
- 2px borders with slate color (#334155)
- Smooth 150ms transitions
- Matches existing Voice Recognition section design

**4. Real-time Config Updates**
- All changes save immediately via `save_config` command
- Slider value updates both visual slider and number input
- Audio device changes persist to config

### Technical Details

- **Files Modified:** `ui/src/components/MissionControl.tsx`
- **Build Status:** ✅ No errors (1.45s)
- **TypeScript:** ✅ No errors
- **Commit:** `99e873c`

### Visual Features
- Dynamic slider gradient that fills based on value percentage
- Cross-browser thumb styling (WebKit + Mozilla)
- Hover effects on slider thumb (glow + scale)
- Duration preview auto-calculates from seconds to minutes/seconds

All acceptance criteria verified and passing. Ready for next task! 🎉
