## Summary

✅ **Task #15 Complete: Settings drawer - Advanced section (collapsed)**

I successfully implemented the Advanced settings section in the settings drawer with all required features:

### Key Implementations:

1. **Collapsible Section**
   - Starts collapsed by default
   - Click header to expand/collapse
   - ChevronDown icon rotates 180° when expanded
   - Smooth 200ms ease-out animation

2. **Power User Settings**
   - **Model Path Override**: Text input with terminal prompt `>`
   - **Technical Vocabulary**: Textarea for prompt biasing (3 rows)
   - **Status Bar Integration**: Text input with terminal prompt `$`
   - **Save Audio Clips**: Liquid morph toggle + conditional path input

3. **Terminal-Inspired Styling**
   - All inputs use JetBrains Mono font
   - Terminal prompts (`>` and `$`) positioned absolutely in electric blue
   - Neubrutalist styling with electric blue focus glow
   - Path input conditionally shows when toggle is enabled

4. **State Management**
   - Collapse state persists in localStorage (`advancedSettings.collapsed`)
   - All values load from config on drawer open
   - Immediate saves via `save_config` command

### Verification:
- ✅ Build successful (1.52s)
- ✅ TypeScript compilation clean
- ✅ All 12 acceptance criteria met
- ✅ Visual matches MojoVoice Style Guide
- ✅ Commits: a4d1932 (implementation) + 52c3510 (docs)

**Ready for next task (#16: Save/Reset actions)**
